{"level":"DEBUG","location":"[get_call:158] fyersModel","message":{"Status Code":200,"API":"/funds"},"timestamp":"2026-02-17 13:49:53,358+0530","service":"FyersAPIRequest"}
{"level":"DEBUG","location":"[get_call:158] fyersModel","message":{"Status Code":200,"API":"/quotes"},"timestamp":"2026-02-17 13:49:53,405+0530","service":"FyersAPIRequest"}
{"level":"DEBUG","location":"[get_call:158] fyersModel","message":{"Status Code":200,"API":"/quotes"},"timestamp":"2026-02-17 13:49:55,458+0530","service":"FyersAPIRequest"}
{"level":"DEBUG","location":"[get_call:158] fyersModel","message":{"Status Code":200,"API":"/funds"},"timestamp":"2026-02-17 13:51:42,551+0530","service":"FyersAPIRequest"}
{"level":"DEBUG","location":"[get_call:158] fyersModel","message":{"Status Code":200,"API":"/holdings"},"timestamp":"2026-02-17 13:51:42,611+0530","service":"FyersAPIRequest"}
{"level":"DEBUG","location":"[get_call:158] fyersModel","message":{"Status Code":200,"API":"/quotes"},"timestamp":"2026-02-17 13:51:42,665+0530","service":"FyersAPIRequest"}
{"level":"DEBUG","location":"[get_call:158] fyersModel","message":{"Status Code":200,"API":"/quotes"},"timestamp":"2026-02-17 13:51:44,715+0530","service":"FyersAPIRequest"}
{"level":"DEBUG","location":"[get_call:158] fyersModel","message":{"Status Code":200,"API":"/funds"},"timestamp":"2026-02-17 13:52:53,346+0530","service":"FyersAPIRequest"}
{"level":"DEBUG","location":"[get_call:158] fyersModel","message":{"Status Code":200,"API":"/holdings"},"timestamp":"2026-02-17 13:52:53,397+0530","service":"FyersAPIRequest"}
{"level":"DEBUG","location":"[get_call:158] fyersModel","message":{"Status Code":200,"API":"/quotes"},"timestamp":"2026-02-17 13:52:53,444+0530","service":"FyersAPIRequest"}
{"level":"DEBUG","location":"[get_call:158] fyersModel","message":{"Status Code":200,"API":"/holdings"},"timestamp":"2026-02-17 13:52:53,495+0530","service":"FyersAPIRequest"}
{"level":"DEBUG","location":"[post_call:99] fyersModel","message":{"Status Code":200,"API":"/orders/sync"},"timestamp":"2026-02-17 13:52:53,551+0530","service":"FyersAPIRequest"}
{"level":"DEBUG","location":"[get_call:158] fyersModel","message":{"Status Code":200,"API":"/quotes"},"timestamp":"2026-02-17 13:52:58,607+0530","service":"FyersAPIRequest"}
{"level":"DEBUG","location":"[get_call:158] fyersModel","message":{"Status Code":200,"API":"/orders"},"timestamp":"2026-02-17 13:52:58,667+0530","service":"FyersAPIRequest"}
{"level":"DEBUG","location":"[get_call:158] fyersModel","message":{"Status Code":200,"API":"/holdings"},"timestamp":"2026-02-17 13:52:58,730+0530","service":"FyersAPIRequest"}
{"level":"DEBUG","location":"[get_call:158] fyersModel","message":{"Status Code":200,"API":"/quotes"},"timestamp":"2026-02-17 13:53:03,787+0530","service":"FyersAPIRequest"}
{"level":"DEBUG","location":"[get_call:158] fyersModel","message":{"Status Code":200,"API":"/holdings"},"timestamp":"2026-02-17 13:53:03,841+0530","service":"FyersAPIRequest"}
{"level":"DEBUG","location":"[get_call:158] fyersModel","message":{"Status Code":200,"API":"/quotes"},"timestamp":"2026-02-17 13:53:08,896+0530","service":"FyersAPIRequest"}
{"level":"DEBUG","location":"[get_call:158] fyersModel","message":{"Status Code":200,"API":"/holdings"},"timestamp":"2026-02-17 13:53:08,945+0530","service":"FyersAPIRequest"}
{"level":"DEBUG","location":"[get_call:158] fyersModel","message":{"Status Code":200,"API":"/quotes"},"timestamp":"2026-02-17 13:53:14,002+0530","service":"FyersAPIRequest"}
{"level":"DEBUG","location":"[get_call:158] fyersModel","message":{"Status Code":200,"API":"/holdings"},"timestamp":"2026-02-17 13:53:14,054+0530","service":"FyersAPIRequest"}
{"level":"DEBUG","location":"[get_call:158] fyersModel","message":{"Status Code":200,"API":"/quotes"},"timestamp":"2026-02-17 13:53:19,110+0530","service":"FyersAPIRequest"}
{"level":"DEBUG","location":"[get_call:158] fyersModel","message":{"Status Code":200,"API":"/holdings"},"timestamp":"2026-02-17 13:53:19,161+0530","service":"FyersAPIRequest"}
{"level":"DEBUG","location":"[get_call:158] fyersModel","message":{"Status Code":200,"API":"/quotes"},"timestamp":"2026-02-17 13:53:24,215+0530","service":"FyersAPIRequest"}
{"level":"DEBUG","location":"[get_call:158] fyersModel","message":{"Status Code":200,"API":"/holdings"},"timestamp":"2026-02-17 13:53:24,286+0530","service":"FyersAPIRequest"}
{"level":"DEBUG","location":"[get_call:158] fyersModel","message":{"Status Code":200,"API":"/quotes"},"timestamp":"2026-02-17 13:53:29,347+0530","service":"FyersAPIRequest"}
{"level":"DEBUG","location":"[get_call:158] fyersModel","message":{"Status Code":200,"API":"/holdings"},"timestamp":"2026-02-17 13:53:29,395+0530","service":"FyersAPIRequest"}
{"level":"DEBUG","location":"[get_call:158] fyersModel","message":{"Status Code":200,"API":"/quotes"},"timestamp":"2026-02-17 13:53:34,458+0530","service":"FyersAPIRequest"}
{"level":"DEBUG","location":"[get_call:158] fyersModel","message":{"Status Code":200,"API":"/holdings"},"timestamp":"2026-02-17 13:53:34,505+0530","service":"FyersAPIRequest"}
{"level":"DEBUG","location":"[get_call:158] fyersModel","message":{"Status Code":200,"API":"/quotes"},"timestamp":"2026-02-17 13:53:39,560+0530","service":"FyersAPIRequest"}
{"level":"DEBUG","location":"[get_call:158] fyersModel","message":{"Status Code":200,"API":"/holdings"},"timestamp":"2026-02-17 13:53:39,610+0530","service":"FyersAPIRequest"}
{"level":"DEBUG","location":"[get_call:158] fyersModel","message":{"Status Code":200,"API":"/quotes"},"timestamp":"2026-02-17 13:53:44,670+0530","service":"FyersAPIRequest"}
{"level":"DEBUG","location":"[get_call:158] fyersModel","message":{"Status Code":200,"API":"/holdings"},"timestamp":"2026-02-17 13:53:44,722+0530","service":"FyersAPIRequest"}
{"level":"DEBUG","location":"[get_call:158] fyersModel","message":{"Status Code":200,"API":"/quotes"},"timestamp":"2026-02-17 13:53:49,779+0530","service":"FyersAPIRequest"}
{"level":"DEBUG","location":"[get_call:158] fyersModel","message":{"Status Code":200,"API":"/holdings"},"timestamp":"2026-02-17 13:53:49,835+0530","service":"FyersAPIRequest"}
{"level":"DEBUG","location":"[get_call:158] fyersModel","message":{"Status Code":200,"API":"/quotes"},"timestamp":"2026-02-17 13:53:54,890+0530","service":"FyersAPIRequest"}
{"level":"DEBUG","location":"[get_call:158] fyersModel","message":{"Status Code":200,"API":"/holdings"},"timestamp":"2026-02-17 13:53:54,944+0530","service":"FyersAPIRequest"}
{"level":"DEBUG","location":"[get_call:158] fyersModel","message":{"Status Code":200,"API":"/quotes"},"timestamp":"2026-02-17 13:54:00,020+0530","service":"FyersAPIRequest"}
{"level":"DEBUG","location":"[get_call:158] fyersModel","message":{"Status Code":200,"API":"/holdings"},"timestamp":"2026-02-17 13:54:00,077+0530","service":"FyersAPIRequest"}
{"level":"DEBUG","location":"[get_call:158] fyersModel","message":{"Status Code":200,"API":"/quotes"},"timestamp":"2026-02-17 13:54:05,132+0530","service":"FyersAPIRequest"}
{"level":"DEBUG","location":"[get_call:158] fyersModel","message":{"Status Code":200,"API":"/holdings"},"timestamp":"2026-02-17 13:54:05,184+0530","service":"FyersAPIRequest"}
{"level":"DEBUG","location":"[get_call:158] fyersModel","message":{"Status Code":200,"API":"/quotes"},"timestamp":"2026-02-17 13:54:10,240+0530","service":"FyersAPIRequest"}
{"level":"DEBUG","location":"[get_call:158] fyersModel","message":{"Status Code":200,"API":"/holdings"},"timestamp":"2026-02-17 13:54:10,298+0530","service":"FyersAPIRequest"}
{"level":"DEBUG","location":"[get_call:158] fyersModel","message":{"Status Code":200,"API":"/quotes"},"timestamp":"2026-02-17 13:54:15,372+0530","service":"FyersAPIRequest"}
{"level":"DEBUG","location":"[get_call:158] fyersModel","message":{"Status Code":200,"API":"/holdings"},"timestamp":"2026-02-17 13:54:15,423+0530","service":"FyersAPIRequest"}
{"level":"DEBUG","location":"[get_call:158] fyersModel","message":{"Status Code":200,"API":"/quotes"},"timestamp":"2026-02-17 13:54:20,478+0530","service":"FyersAPIRequest"}
{"level":"DEBUG","location":"[get_call:158] fyersModel","message":{"Status Code":200,"API":"/holdings"},"timestamp":"2026-02-17 13:54:20,531+0530","service":"FyersAPIRequest"}
{"level":"DEBUG","location":"[get_call:158] fyersModel","message":{"Status Code":200,"API":"/quotes"},"timestamp":"2026-02-17 13:54:25,594+0530","service":"FyersAPIRequest"}
{"level":"DEBUG","location":"[get_call:158] fyersModel","message":{"Status Code":200,"API":"/holdings"},"timestamp":"2026-02-17 13:54:25,644+0530","service":"FyersAPIRequest"}
{"level":"DEBUG","location":"[get_call:158] fyersModel","message":{"Status Code":200,"API":"/quotes"},"timestamp":"2026-02-17 13:54:30,697+0530","service":"FyersAPIRequest"}
{"level":"DEBUG","location":"[get_call:158] fyersModel","message":{"Status Code":200,"API":"/holdings"},"timestamp":"2026-02-17 13:54:30,750+0530","service":"FyersAPIRequest"}
{"level":"DEBUG","location":"[get_call:158] fyersModel","message":{"Status Code":200,"API":"/quotes"},"timestamp":"2026-02-17 13:54:35,809+0530","service":"FyersAPIRequest"}
{"level":"DEBUG","location":"[get_call:158] fyersModel","message":{"Status Code":200,"API":"/holdings"},"timestamp":"2026-02-17 13:54:35,859+0530","service":"FyersAPIRequest"}
{"level":"DEBUG","location":"[get_call:158] fyersModel","message":{"Status Code":200,"API":"/quotes"},"timestamp":"2026-02-17 13:54:40,932+0530","service":"FyersAPIRequest"}
{"level":"DEBUG","location":"[get_call:158] fyersModel","message":{"Status Code":200,"API":"/holdings"},"timestamp":"2026-02-17 13:54:40,978+0530","service":"FyersAPIRequest"}
{"level":"DEBUG","location":"[get_call:158] fyersModel","message":{"Status Code":200,"API":"/quotes"},"timestamp":"2026-02-17 13:54:46,030+0530","service":"FyersAPIRequest"}
{"level":"DEBUG","location":"[get_call:158] fyersModel","message":{"Status Code":200,"API":"/holdings"},"timestamp":"2026-02-17 13:54:46,082+0530","service":"FyersAPIRequest"}
{"level":"DEBUG","location":"[get_call:158] fyersModel","message":{"Status Code":200,"API":"/quotes"},"timestamp":"2026-02-17 13:54:51,146+0530","service":"FyersAPIRequest"}
{"level":"DEBUG","location":"[get_call:158] fyersModel","message":{"Status Code":200,"API":"/holdings"},"timestamp":"2026-02-17 13:54:51,196+0530","service":"FyersAPIRequest"}
{"level":"DEBUG","location":"[get_call:158] fyersModel","message":{"Status Code":200,"API":"/quotes"},"timestamp":"2026-02-17 13:54:56,260+0530","service":"FyersAPIRequest"}
{"level":"DEBUG","location":"[get_call:158] fyersModel","message":{"Status Code":200,"API":"/holdings"},"timestamp":"2026-02-17 13:54:56,310+0530","service":"FyersAPIRequest"}
{"level":"DEBUG","location":"[get_call:158] fyersModel","message":{"Status Code":200,"API":"/quotes"},"timestamp":"2026-02-17 13:55:01,365+0530","service":"FyersAPIRequest"}
{"level":"DEBUG","location":"[get_call:158] fyersModel","message":{"Status Code":200,"API":"/holdings"},"timestamp":"2026-02-17 13:55:01,415+0530","service":"FyersAPIRequest"}
{"level":"DEBUG","location":"[get_call:158] fyersModel","message":{"Status Code":200,"API":"/quotes"},"timestamp":"2026-02-17 13:55:06,472+0530","service":"FyersAPIRequest"}
{"level":"DEBUG","location":"[get_call:158] fyersModel","message":{"Status Code":200,"API":"/holdings"},"timestamp":"2026-02-17 13:55:06,524+0530","service":"FyersAPIRequest"}
{"level":"DEBUG","location":"[get_call:158] fyersModel","message":{"Status Code":200,"API":"/quotes"},"timestamp":"2026-02-17 13:55:11,582+0530","service":"FyersAPIRequest"}
{"level":"DEBUG","location":"[get_call:158] fyersModel","message":{"Status Code":200,"API":"/holdings"},"timestamp":"2026-02-17 13:55:11,641+0530","service":"FyersAPIRequest"}
{"level":"DEBUG","location":"[get_call:158] fyersModel","message":{"Status Code":200,"API":"/quotes"},"timestamp":"2026-02-17 13:55:16,695+0530","service":"FyersAPIRequest"}
{"level":"DEBUG","location":"[get_call:158] fyersModel","message":{"Status Code":200,"API":"/holdings"},"timestamp":"2026-02-17 13:55:16,754+0530","service":"FyersAPIRequest"}
{"level":"DEBUG","location":"[get_call:158] fyersModel","message":{"Status Code":200,"API":"/quotes"},"timestamp":"2026-02-17 13:55:21,819+0530","service":"FyersAPIRequest"}
{"level":"DEBUG","location":"[get_call:158] fyersModel","message":{"Status Code":200,"API":"/holdings"},"timestamp":"2026-02-17 13:55:21,868+0530","service":"FyersAPIRequest"}
{"level":"DEBUG","location":"[get_call:158] fyersModel","message":{"Status Code":200,"API":"/quotes"},"timestamp":"2026-02-17 13:55:26,930+0530","service":"FyersAPIRequest"}
{"level":"DEBUG","location":"[get_call:158] fyersModel","message":{"Status Code":200,"API":"/holdings"},"timestamp":"2026-02-17 13:55:26,980+0530","service":"FyersAPIRequest"}
{"level":"DEBUG","location":"[get_call:158] fyersModel","message":{"Status Code":200,"API":"/quotes"},"timestamp":"2026-02-17 13:55:32,038+0530","service":"FyersAPIRequest"}
{"level":"DEBUG","location":"[get_call:158] fyersModel","message":{"Status Code":200,"API":"/holdings"},"timestamp":"2026-02-17 13:55:32,091+0530","service":"FyersAPIRequest"}
{"level":"DEBUG","location":"[get_call:158] fyersModel","message":{"Status Code":200,"API":"/quotes"},"timestamp":"2026-02-17 13:55:37,153+0530","service":"FyersAPIRequest"}
{"level":"DEBUG","location":"[get_call:158] fyersModel","message":{"Status Code":200,"API":"/holdings"},"timestamp":"2026-02-17 13:55:37,209+0530","service":"FyersAPIRequest"}
{"level":"DEBUG","location":"[get_call:158] fyersModel","message":{"Status Code":200,"API":"/quotes"},"timestamp":"2026-02-17 13:55:42,271+0530","service":"FyersAPIRequest"}
{"level":"DEBUG","location":"[get_call:158] fyersModel","message":{"Status Code":200,"API":"/holdings"},"timestamp":"2026-02-17 13:55:42,322+0530","service":"FyersAPIRequest"}
{"level":"DEBUG","location":"[get_call:158] fyersModel","message":{"Status Code":200,"API":"/quotes"},"timestamp":"2026-02-17 13:55:47,384+0530","service":"FyersAPIRequest"}
{"level":"DEBUG","location":"[get_call:158] fyersModel","message":{"Status Code":200,"API":"/holdings"},"timestamp":"2026-02-17 13:55:47,436+0530","service":"FyersAPIRequest"}
{"level":"DEBUG","location":"[get_call:158] fyersModel","message":{"Status Code":200,"API":"/quotes"},"timestamp":"2026-02-17 13:55:52,494+0530","service":"FyersAPIRequest"}
{"level":"DEBUG","location":"[get_call:158] fyersModel","message":{"Status Code":200,"API":"/holdings"},"timestamp":"2026-02-17 13:55:52,554+0530","service":"FyersAPIRequest"}
{"level":"DEBUG","location":"[get_call:158] fyersModel","message":{"Status Code":200,"API":"/quotes"},"timestamp":"2026-02-17 13:55:57,611+0530","service":"FyersAPIRequest"}
{"level":"DEBUG","location":"[get_call:158] fyersModel","message":{"Status Code":200,"API":"/holdings"},"timestamp":"2026-02-17 13:55:57,666+0530","service":"FyersAPIRequest"}
{"level":"DEBUG","location":"[get_call:158] fyersModel","message":{"Status Code":200,"API":"/quotes"},"timestamp":"2026-02-17 13:56:02,728+0530","service":"FyersAPIRequest"}
{"level":"DEBUG","location":"[get_call:158] fyersModel","message":{"Status Code":200,"API":"/holdings"},"timestamp":"2026-02-17 13:56:02,782+0530","service":"FyersAPIRequest"}
{"level":"DEBUG","location":"[get_call:158] fyersModel","message":{"Status Code":200,"API":"/quotes"},"timestamp":"2026-02-17 13:56:07,836+0530","service":"FyersAPIRequest"}
{"level":"DEBUG","location":"[get_call:158] fyersModel","message":{"Status Code":200,"API":"/holdings"},"timestamp":"2026-02-17 13:56:07,904+0530","service":"FyersAPIRequest"}
{"level":"DEBUG","location":"[get_call:158] fyersModel","message":{"Status Code":200,"API":"/quotes"},"timestamp":"2026-02-17 13:56:12,961+0530","service":"FyersAPIRequest"}
{"level":"DEBUG","location":"[get_call:158] fyersModel","message":{"Status Code":200,"API":"/holdings"},"timestamp":"2026-02-17 13:56:13,008+0530","service":"FyersAPIRequest"}
{"level":"DEBUG","location":"[get_call:158] fyersModel","message":{"Status Code":200,"API":"/quotes"},"timestamp":"2026-02-17 13:56:18,063+0530","service":"FyersAPIRequest"}
{"level":"DEBUG","location":"[get_call:158] fyersModel","message":{"Status Code":200,"API":"/holdings"},"timestamp":"2026-02-17 13:56:18,118+0530","service":"FyersAPIRequest"}
{"level":"DEBUG","location":"[get_call:158] fyersModel","message":{"Status Code":200,"API":"/quotes"},"timestamp":"2026-02-17 13:56:23,193+0530","service":"FyersAPIRequest"}
{"level":"DEBUG","location":"[get_call:158] fyersModel","message":{"Status Code":200,"API":"/holdings"},"timestamp":"2026-02-17 13:56:23,245+0530","service":"FyersAPIRequest"}
{"level":"DEBUG","location":"[get_call:158] fyersModel","message":{"Status Code":200,"API":"/quotes"},"timestamp":"2026-02-17 13:56:28,308+0530","service":"FyersAPIRequest"}
{"level":"DEBUG","location":"[get_call:158] fyersModel","message":{"Status Code":200,"API":"/holdings"},"timestamp":"2026-02-17 13:56:28,362+0530","service":"FyersAPIRequest"}
{"level":"DEBUG","location":"[get_call:158] fyersModel","message":{"Status Code":200,"API":"/quotes"},"timestamp":"2026-02-17 13:56:33,420+0530","service":"FyersAPIRequest"}
{"level":"DEBUG","location":"[get_call:158] fyersModel","message":{"Status Code":200,"API":"/holdings"},"timestamp":"2026-02-17 13:56:33,471+0530","service":"FyersAPIRequest"}
{"level":"DEBUG","location":"[get_call:158] fyersModel","message":{"Status Code":200,"API":"/quotes"},"timestamp":"2026-02-17 13:56:38,525+0530","service":"FyersAPIRequest"}
{"level":"DEBUG","location":"[get_call:158] fyersModel","message":{"Status Code":200,"API":"/holdings"},"timestamp":"2026-02-17 13:56:38,579+0530","service":"FyersAPIRequest"}
{"level":"DEBUG","location":"[get_call:158] fyersModel","message":{"Status Code":200,"API":"/quotes"},"timestamp":"2026-02-17 13:56:43,635+0530","service":"FyersAPIRequest"}
{"level":"DEBUG","location":"[get_call:158] fyersModel","message":{"Status Code":200,"API":"/holdings"},"timestamp":"2026-02-17 13:56:43,689+0530","service":"FyersAPIRequest"}
{"level":"DEBUG","location":"[get_call:158] fyersModel","message":{"Status Code":200,"API":"/quotes"},"timestamp":"2026-02-17 13:56:48,746+0530","service":"FyersAPIRequest"}
{"level":"DEBUG","location":"[get_call:158] fyersModel","message":{"Status Code":200,"API":"/holdings"},"timestamp":"2026-02-17 13:56:48,794+0530","service":"FyersAPIRequest"}
{"level":"DEBUG","location":"[get_call:158] fyersModel","message":{"Status Code":200,"API":"/quotes"},"timestamp":"2026-02-17 13:56:53,851+0530","service":"FyersAPIRequest"}
{"level":"DEBUG","location":"[get_call:158] fyersModel","message":{"Status Code":200,"API":"/holdings"},"timestamp":"2026-02-17 13:56:53,903+0530","service":"FyersAPIRequest"}
{"level":"DEBUG","location":"[get_call:158] fyersModel","message":{"Status Code":200,"API":"/quotes"},"timestamp":"2026-02-17 13:56:58,960+0530","service":"FyersAPIRequest"}
{"level":"DEBUG","location":"[get_call:158] fyersModel","message":{"Status Code":200,"API":"/holdings"},"timestamp":"2026-02-17 13:56:59,019+0530","service":"FyersAPIRequest"}
{"level":"DEBUG","location":"[get_call:158] fyersModel","message":{"Status Code":200,"API":"/quotes"},"timestamp":"2026-02-17 13:57:04,075+0530","service":"FyersAPIRequest"}
{"level":"DEBUG","location":"[get_call:158] fyersModel","message":{"Status Code":200,"API":"/holdings"},"timestamp":"2026-02-17 13:57:04,128+0530","service":"FyersAPIRequest"}
{"level":"DEBUG","location":"[get_call:158] fyersModel","message":{"Status Code":200,"API":"/quotes"},"timestamp":"2026-02-17 13:57:09,198+0530","service":"FyersAPIRequest"}
{"level":"DEBUG","location":"[get_call:158] fyersModel","message":{"Status Code":200,"API":"/holdings"},"timestamp":"2026-02-17 13:57:09,252+0530","service":"FyersAPIRequest"}
{"level":"DEBUG","location":"[get_call:158] fyersModel","message":{"Status Code":200,"API":"/quotes"},"timestamp":"2026-02-17 13:57:14,312+0530","service":"FyersAPIRequest"}
{"level":"DEBUG","location":"[get_call:158] fyersModel","message":{"Status Code":200,"API":"/holdings"},"timestamp":"2026-02-17 13:57:14,366+0530","service":"FyersAPIRequest"}
{"level":"DEBUG","location":"[get_call:158] fyersModel","message":{"Status Code":200,"API":"/quotes"},"timestamp":"2026-02-17 13:57:19,419+0530","service":"FyersAPIRequest"}
{"level":"DEBUG","location":"[get_call:158] fyersModel","message":{"Status Code":200,"API":"/holdings"},"timestamp":"2026-02-17 13:57:19,491+0530","service":"FyersAPIRequest"}
{"level":"DEBUG","location":"[get_call:158] fyersModel","message":{"Status Code":200,"API":"/quotes"},"timestamp":"2026-02-17 13:57:24,545+0530","service":"FyersAPIRequest"}
{"level":"DEBUG","location":"[get_call:158] fyersModel","message":{"Status Code":200,"API":"/holdings"},"timestamp":"2026-02-17 13:57:24,600+0530","service":"FyersAPIRequest"}
{"level":"DEBUG","location":"[get_call:158] fyersModel","message":{"Status Code":200,"API":"/quotes"},"timestamp":"2026-02-17 13:57:29,666+0530","service":"FyersAPIRequest"}
{"level":"DEBUG","location":"[get_call:158] fyersModel","message":{"Status Code":200,"API":"/holdings"},"timestamp":"2026-02-17 13:57:29,715+0530","service":"FyersAPIRequest"}
{"level":"DEBUG","location":"[get_call:158] fyersModel","message":{"Status Code":200,"API":"/quotes"},"timestamp":"2026-02-17 13:57:34,775+0530","service":"FyersAPIRequest"}
{"level":"DEBUG","location":"[get_call:158] fyersModel","message":{"Status Code":200,"API":"/holdings"},"timestamp":"2026-02-17 13:57:34,833+0530","service":"FyersAPIRequest"}
{"level":"DEBUG","location":"[get_call:158] fyersModel","message":{"Status Code":200,"API":"/quotes"},"timestamp":"2026-02-17 13:57:39,895+0530","service":"FyersAPIRequest"}
{"level":"DEBUG","location":"[get_call:158] fyersModel","message":{"Status Code":200,"API":"/holdings"},"timestamp":"2026-02-17 13:57:39,943+0530","service":"FyersAPIRequest"}
{"level":"DEBUG","location":"[get_call:158] fyersModel","message":{"Status Code":200,"API":"/quotes"},"timestamp":"2026-02-17 13:57:44,999+0530","service":"FyersAPIRequest"}
{"level":"DEBUG","location":"[get_call:158] fyersModel","message":{"Status Code":200,"API":"/holdings"},"timestamp":"2026-02-17 13:57:45,046+0530","service":"FyersAPIRequest"}
{"level":"DEBUG","location":"[get_call:158] fyersModel","message":{"Status Code":200,"API":"/quotes"},"timestamp":"2026-02-17 13:57:50,106+0530","service":"FyersAPIRequest"}
{"level":"DEBUG","location":"[get_call:158] fyersModel","message":{"Status Code":200,"API":"/holdings"},"timestamp":"2026-02-17 13:57:50,154+0530","service":"FyersAPIRequest"}
{"level":"DEBUG","location":"[get_call:158] fyersModel","message":{"Status Code":200,"API":"/quotes"},"timestamp":"2026-02-17 13:57:55,213+0530","service":"FyersAPIRequest"}
{"level":"DEBUG","location":"[get_call:158] fyersModel","message":{"Status Code":200,"API":"/holdings"},"timestamp":"2026-02-17 13:57:55,262+0530","service":"FyersAPIRequest"}
{"level":"DEBUG","location":"[get_call:158] fyersModel","message":{"Status Code":200,"API":"/quotes"},"timestamp":"2026-02-17 13:58:00,319+0530","service":"FyersAPIRequest"}
{"level":"DEBUG","location":"[get_call:158] fyersModel","message":{"Status Code":200,"API":"/holdings"},"timestamp":"2026-02-17 13:58:00,379+0530","service":"FyersAPIRequest"}
{"level":"DEBUG","location":"[get_call:158] fyersModel","message":{"Status Code":200,"API":"/quotes"},"timestamp":"2026-02-17 13:58:05,437+0530","service":"FyersAPIRequest"}
{"level":"DEBUG","location":"[get_call:158] fyersModel","message":{"Status Code":200,"API":"/holdings"},"timestamp":"2026-02-17 13:58:05,486+0530","service":"FyersAPIRequest"}
{"level":"DEBUG","location":"[get_call:158] fyersModel","message":{"Status Code":200,"API":"/quotes"},"timestamp":"2026-02-17 13:58:10,543+0530","service":"FyersAPIRequest"}
{"level":"DEBUG","location":"[get_call:158] fyersModel","message":{"Status Code":200,"API":"/holdings"},"timestamp":"2026-02-17 13:58:10,594+0530","service":"FyersAPIRequest"}
{"level":"DEBUG","location":"[get_call:158] fyersModel","message":{"Status Code":200,"API":"/quotes"},"timestamp":"2026-02-17 13:58:15,650+0530","service":"FyersAPIRequest"}
{"level":"DEBUG","location":"[get_call:158] fyersModel","message":{"Status Code":200,"API":"/holdings"},"timestamp":"2026-02-17 13:58:15,709+0530","service":"FyersAPIRequest"}
{"level":"DEBUG","location":"[get_call:158] fyersModel","message":{"Status Code":200,"API":"/quotes"},"timestamp":"2026-02-17 13:58:20,771+0530","service":"FyersAPIRequest"}
{"level":"DEBUG","location":"[get_call:158] fyersModel","message":{"Status Code":200,"API":"/holdings"},"timestamp":"2026-02-17 13:58:20,817+0530","service":"FyersAPIRequest"}
{"level":"DEBUG","location":"[get_call:158] fyersModel","message":{"Status Code":200,"API":"/quotes"},"timestamp":"2026-02-17 13:58:25,878+0530","service":"FyersAPIRequest"}
{"level":"DEBUG","location":"[get_call:158] fyersModel","message":{"Status Code":200,"API":"/holdings"},"timestamp":"2026-02-17 13:58:25,930+0530","service":"FyersAPIRequest"}
{"level":"DEBUG","location":"[get_call:158] fyersModel","message":{"Status Code":200,"API":"/quotes"},"timestamp":"2026-02-17 13:58:30,991+0530","service":"FyersAPIRequest"}
{"level":"DEBUG","location":"[get_call:158] fyersModel","message":{"Status Code":200,"API":"/holdings"},"timestamp":"2026-02-17 13:58:31,038+0530","service":"FyersAPIRequest"}
{"level":"DEBUG","location":"[get_call:158] fyersModel","message":{"Status Code":200,"API":"/quotes"},"timestamp":"2026-02-17 13:58:36,095+0530","service":"FyersAPIRequest"}
{"level":"DEBUG","location":"[get_call:158] fyersModel","message":{"Status Code":200,"API":"/holdings"},"timestamp":"2026-02-17 13:58:36,149+0530","service":"FyersAPIRequest"}
{"level":"DEBUG","location":"[get_call:158] fyersModel","message":{"Status Code":200,"API":"/quotes"},"timestamp":"2026-02-17 13:58:41,206+0530","service":"FyersAPIRequest"}
{"level":"DEBUG","location":"[get_call:158] fyersModel","message":{"Status Code":200,"API":"/holdings"},"timestamp":"2026-02-17 13:58:41,259+0530","service":"FyersAPIRequest"}
{"level":"DEBUG","location":"[get_call:158] fyersModel","message":{"Status Code":200,"API":"/quotes"},"timestamp":"2026-02-17 13:58:46,320+0530","service":"FyersAPIRequest"}
{"level":"DEBUG","location":"[get_call:158] fyersModel","message":{"Status Code":200,"API":"/holdings"},"timestamp":"2026-02-17 13:58:46,370+0530","service":"FyersAPIRequest"}
{"level":"DEBUG","location":"[get_call:158] fyersModel","message":{"Status Code":200,"API":"/quotes"},"timestamp":"2026-02-17 13:58:51,424+0530","service":"FyersAPIRequest"}
{"level":"DEBUG","location":"[get_call:158] fyersModel","message":{"Status Code":200,"API":"/holdings"},"timestamp":"2026-02-17 13:58:51,472+0530","service":"FyersAPIRequest"}
{"level":"DEBUG","location":"[get_call:158] fyersModel","message":{"Status Code":200,"API":"/quotes"},"timestamp":"2026-02-17 13:58:56,527+0530","service":"FyersAPIRequest"}
{"level":"DEBUG","location":"[get_call:158] fyersModel","message":{"Status Code":200,"API":"/holdings"},"timestamp":"2026-02-17 13:58:56,596+0530","service":"FyersAPIRequest"}
{"level":"DEBUG","location":"[get_call:158] fyersModel","message":{"Status Code":200,"API":"/quotes"},"timestamp":"2026-02-17 13:59:01,654+0530","service":"FyersAPIRequest"}
{"level":"DEBUG","location":"[get_call:158] fyersModel","message":{"Status Code":200,"API":"/holdings"},"timestamp":"2026-02-17 13:59:01,703+0530","service":"FyersAPIRequest"}
{"level":"DEBUG","location":"[get_call:158] fyersModel","message":{"Status Code":200,"API":"/quotes"},"timestamp":"2026-02-17 13:59:06,755+0530","service":"FyersAPIRequest"}
{"level":"DEBUG","location":"[get_call:158] fyersModel","message":{"Status Code":200,"API":"/holdings"},"timestamp":"2026-02-17 13:59:06,806+0530","service":"FyersAPIRequest"}
{"level":"DEBUG","location":"[get_call:158] fyersModel","message":{"Status Code":200,"API":"/quotes"},"timestamp":"2026-02-17 13:59:11,862+0530","service":"FyersAPIRequest"}
{"level":"DEBUG","location":"[get_call:158] fyersModel","message":{"Status Code":200,"API":"/holdings"},"timestamp":"2026-02-17 13:59:11,910+0530","service":"FyersAPIRequest"}
{"level":"DEBUG","location":"[get_call:158] fyersModel","message":{"Status Code":200,"API":"/quotes"},"timestamp":"2026-02-17 13:59:16,966+0530","service":"FyersAPIRequest"}
{"level":"DEBUG","location":"[get_call:158] fyersModel","message":{"Status Code":200,"API":"/holdings"},"timestamp":"2026-02-17 13:59:17,017+0530","service":"FyersAPIRequest"}
{"level":"DEBUG","location":"[get_call:158] fyersModel","message":{"Status Code":200,"API":"/quotes"},"timestamp":"2026-02-17 13:59:22,070+0530","service":"FyersAPIRequest"}
{"level":"DEBUG","location":"[get_call:158] fyersModel","message":{"Status Code":200,"API":"/holdings"},"timestamp":"2026-02-17 13:59:22,121+0530","service":"FyersAPIRequest"}
{"level":"DEBUG","location":"[get_call:158] fyersModel","message":{"Status Code":200,"API":"/quotes"},"timestamp":"2026-02-17 13:59:27,174+0530","service":"FyersAPIRequest"}
{"level":"DEBUG","location":"[get_call:158] fyersModel","message":{"Status Code":200,"API":"/holdings"},"timestamp":"2026-02-17 13:59:27,227+0530","service":"FyersAPIRequest"}
{"level":"DEBUG","location":"[get_call:158] fyersModel","message":{"Status Code":200,"API":"/quotes"},"timestamp":"2026-02-17 13:59:32,283+0530","service":"FyersAPIRequest"}
{"level":"DEBUG","location":"[get_call:158] fyersModel","message":{"Status Code":200,"API":"/holdings"},"timestamp":"2026-02-17 13:59:32,334+0530","service":"FyersAPIRequest"}
{"level":"DEBUG","location":"[get_call:158] fyersModel","message":{"Status Code":200,"API":"/quotes"},"timestamp":"2026-02-17 13:59:37,389+0530","service":"FyersAPIRequest"}
{"level":"DEBUG","location":"[get_call:158] fyersModel","message":{"Status Code":200,"API":"/holdings"},"timestamp":"2026-02-17 13:59:37,437+0530","service":"FyersAPIRequest"}
{"level":"DEBUG","location":"[get_call:158] fyersModel","message":{"Status Code":200,"API":"/quotes"},"timestamp":"2026-02-17 13:59:42,501+0530","service":"FyersAPIRequest"}
{"level":"DEBUG","location":"[get_call:158] fyersModel","message":{"Status Code":200,"API":"/holdings"},"timestamp":"2026-02-17 13:59:42,554+0530","service":"FyersAPIRequest"}
{"level":"DEBUG","location":"[get_call:158] fyersModel","message":{"Status Code":200,"API":"/quotes"},"timestamp":"2026-02-17 13:59:47,609+0530","service":"FyersAPIRequest"}
{"level":"DEBUG","location":"[get_call:158] fyersModel","message":{"Status Code":200,"API":"/holdings"},"timestamp":"2026-02-17 13:59:47,662+0530","service":"FyersAPIRequest"}
{"level":"DEBUG","location":"[get_call:158] fyersModel","message":{"Status Code":200,"API":"/quotes"},"timestamp":"2026-02-17 13:59:52,721+0530","service":"FyersAPIRequest"}
{"level":"DEBUG","location":"[get_call:158] fyersModel","message":{"Status Code":200,"API":"/holdings"},"timestamp":"2026-02-17 13:59:52,770+0530","service":"FyersAPIRequest"}
{"level":"DEBUG","location":"[get_call:158] fyersModel","message":{"Status Code":200,"API":"/quotes"},"timestamp":"2026-02-17 13:59:57,834+0530","service":"FyersAPIRequest"}
{"level":"DEBUG","location":"[get_call:158] fyersModel","message":{"Status Code":200,"API":"/holdings"},"timestamp":"2026-02-17 13:59:57,880+0530","service":"FyersAPIRequest"}
{"level":"DEBUG","location":"[get_call:158] fyersModel","message":{"Status Code":200,"API":"/quotes"},"timestamp":"2026-02-17 14:00:02,935+0530","service":"FyersAPIRequest"}
{"level":"DEBUG","location":"[get_call:158] fyersModel","message":{"Status Code":200,"API":"/holdings"},"timestamp":"2026-02-17 14:00:02,981+0530","service":"FyersAPIRequest"}
{"level":"DEBUG","location":"[get_call:158] fyersModel","message":{"Status Code":200,"API":"/quotes"},"timestamp":"2026-02-17 14:00:08,036+0530","service":"FyersAPIRequest"}
{"level":"DEBUG","location":"[get_call:158] fyersModel","message":{"Status Code":200,"API":"/holdings"},"timestamp":"2026-02-17 14:00:08,083+0530","service":"FyersAPIRequest"}
{"level":"DEBUG","location":"[get_call:158] fyersModel","message":{"Status Code":200,"API":"/quotes"},"timestamp":"2026-02-17 14:00:13,144+0530","service":"FyersAPIRequest"}
{"level":"DEBUG","location":"[get_call:158] fyersModel","message":{"Status Code":200,"API":"/holdings"},"timestamp":"2026-02-17 14:00:13,197+0530","service":"FyersAPIRequest"}
{"level":"DEBUG","location":"[get_call:158] fyersModel","message":{"Status Code":200,"API":"/quotes"},"timestamp":"2026-02-17 14:00:18,252+0530","service":"FyersAPIRequest"}
{"level":"DEBUG","location":"[get_call:158] fyersModel","message":{"Status Code":200,"API":"/holdings"},"timestamp":"2026-02-17 14:00:18,300+0530","service":"FyersAPIRequest"}
{"level":"DEBUG","location":"[get_call:158] fyersModel","message":{"Status Code":200,"API":"/quotes"},"timestamp":"2026-02-17 14:00:23,377+0530","service":"FyersAPIRequest"}
{"level":"DEBUG","location":"[get_call:158] fyersModel","message":{"Status Code":200,"API":"/holdings"},"timestamp":"2026-02-17 14:00:23,429+0530","service":"FyersAPIRequest"}
{"level":"DEBUG","location":"[get_call:158] fyersModel","message":{"Status Code":200,"API":"/quotes"},"timestamp":"2026-02-17 14:00:28,484+0530","service":"FyersAPIRequest"}
{"level":"DEBUG","location":"[get_call:158] fyersModel","message":{"Status Code":200,"API":"/holdings"},"timestamp":"2026-02-17 14:00:28,531+0530","service":"FyersAPIRequest"}
{"level":"DEBUG","location":"[get_call:158] fyersModel","message":{"Status Code":200,"API":"/quotes"},"timestamp":"2026-02-17 14:00:33,586+0530","service":"FyersAPIRequest"}
{"level":"DEBUG","location":"[get_call:158] fyersModel","message":{"Status Code":200,"API":"/holdings"},"timestamp":"2026-02-17 14:00:33,636+0530","service":"FyersAPIRequest"}
{"level":"DEBUG","location":"[get_call:158] fyersModel","message":{"Status Code":200,"API":"/quotes"},"timestamp":"2026-02-17 14:00:38,689+0530","service":"FyersAPIRequest"}
{"level":"DEBUG","location":"[get_call:158] fyersModel","message":{"Status Code":200,"API":"/holdings"},"timestamp":"2026-02-17 14:00:38,738+0530","service":"FyersAPIRequest"}
{"level":"DEBUG","location":"[get_call:158] fyersModel","message":{"Status Code":200,"API":"/quotes"},"timestamp":"2026-02-17 14:00:43,793+0530","service":"FyersAPIRequest"}
{"level":"DEBUG","location":"[get_call:158] fyersModel","message":{"Status Code":200,"API":"/holdings"},"timestamp":"2026-02-17 14:00:43,843+0530","service":"FyersAPIRequest"}
{"level":"DEBUG","location":"[get_call:158] fyersModel","message":{"Status Code":200,"API":"/quotes"},"timestamp":"2026-02-17 14:00:48,897+0530","service":"FyersAPIRequest"}
{"level":"DEBUG","location":"[get_call:158] fyersModel","message":{"Status Code":200,"API":"/holdings"},"timestamp":"2026-02-17 14:00:48,944+0530","service":"FyersAPIRequest"}
{"level":"DEBUG","location":"[get_call:158] fyersModel","message":{"Status Code":200,"API":"/quotes"},"timestamp":"2026-02-17 14:00:53,997+0530","service":"FyersAPIRequest"}
{"level":"DEBUG","location":"[get_call:158] fyersModel","message":{"Status Code":200,"API":"/holdings"},"timestamp":"2026-02-17 14:00:54,047+0530","service":"FyersAPIRequest"}
{"level":"DEBUG","location":"[get_call:158] fyersModel","message":{"Status Code":200,"API":"/quotes"},"timestamp":"2026-02-17 14:00:59,106+0530","service":"FyersAPIRequest"}
{"level":"DEBUG","location":"[get_call:158] fyersModel","message":{"Status Code":200,"API":"/holdings"},"timestamp":"2026-02-17 14:00:59,156+0530","service":"FyersAPIRequest"}
{"level":"DEBUG","location":"[get_call:158] fyersModel","message":{"Status Code":200,"API":"/quotes"},"timestamp":"2026-02-17 14:01:04,216+0530","service":"FyersAPIRequest"}
{"level":"DEBUG","location":"[get_call:158] fyersModel","message":{"Status Code":200,"API":"/holdings"},"timestamp":"2026-02-17 14:01:04,266+0530","service":"FyersAPIRequest"}
{"level":"DEBUG","location":"[get_call:158] fyersModel","message":{"Status Code":200,"API":"/quotes"},"timestamp":"2026-02-17 14:01:09,323+0530","service":"FyersAPIRequest"}
{"level":"DEBUG","location":"[get_call:158] fyersModel","message":{"Status Code":200,"API":"/holdings"},"timestamp":"2026-02-17 14:01:09,376+0530","service":"FyersAPIRequest"}
{"level":"DEBUG","location":"[get_call:158] fyersModel","message":{"Status Code":200,"API":"/quotes"},"timestamp":"2026-02-17 14:01:14,432+0530","service":"FyersAPIRequest"}
{"level":"DEBUG","location":"[get_call:158] fyersModel","message":{"Status Code":200,"API":"/holdings"},"timestamp":"2026-02-17 14:01:14,490+0530","service":"FyersAPIRequest"}
{"level":"DEBUG","location":"[get_call:158] fyersModel","message":{"Status Code":200,"API":"/quotes"},"timestamp":"2026-02-17 14:01:19,549+0530","service":"FyersAPIRequest"}
{"level":"DEBUG","location":"[get_call:158] fyersModel","message":{"Status Code":200,"API":"/holdings"},"timestamp":"2026-02-17 14:01:19,598+0530","service":"FyersAPIRequest"}
{"level":"DEBUG","location":"[get_call:158] fyersModel","message":{"Status Code":200,"API":"/quotes"},"timestamp":"2026-02-17 14:01:24,653+0530","service":"FyersAPIRequest"}
{"level":"DEBUG","location":"[get_call:158] fyersModel","message":{"Status Code":200,"API":"/holdings"},"timestamp":"2026-02-17 14:01:24,710+0530","service":"FyersAPIRequest"}
{"level":"DEBUG","location":"[get_call:158] fyersModel","message":{"Status Code":200,"API":"/quotes"},"timestamp":"2026-02-17 14:01:29,764+0530","service":"FyersAPIRequest"}
{"level":"DEBUG","location":"[get_call:158] fyersModel","message":{"Status Code":200,"API":"/holdings"},"timestamp":"2026-02-17 14:01:29,809+0530","service":"FyersAPIRequest"}
{"level":"DEBUG","location":"[get_call:158] fyersModel","message":{"Status Code":200,"API":"/quotes"},"timestamp":"2026-02-17 14:01:34,869+0530","service":"FyersAPIRequest"}
{"level":"DEBUG","location":"[get_call:158] fyersModel","message":{"Status Code":200,"API":"/holdings"},"timestamp":"2026-02-17 14:01:34,922+0530","service":"FyersAPIRequest"}
{"level":"DEBUG","location":"[get_call:158] fyersModel","message":{"Status Code":200,"API":"/quotes"},"timestamp":"2026-02-17 14:01:39,976+0530","service":"FyersAPIRequest"}
{"level":"DEBUG","location":"[get_call:158] fyersModel","message":{"Status Code":200,"API":"/holdings"},"timestamp":"2026-02-17 14:01:40,029+0530","service":"FyersAPIRequest"}
{"level":"DEBUG","location":"[get_call:158] fyersModel","message":{"Status Code":200,"API":"/quotes"},"timestamp":"2026-02-17 14:01:45,088+0530","service":"FyersAPIRequest"}
{"level":"DEBUG","location":"[get_call:158] fyersModel","message":{"Status Code":200,"API":"/holdings"},"timestamp":"2026-02-17 14:01:45,135+0530","service":"FyersAPIRequest"}
{"level":"DEBUG","location":"[get_call:158] fyersModel","message":{"Status Code":200,"API":"/quotes"},"timestamp":"2026-02-17 14:01:50,189+0530","service":"FyersAPIRequest"}
{"level":"DEBUG","location":"[get_call:158] fyersModel","message":{"Status Code":200,"API":"/holdings"},"timestamp":"2026-02-17 14:01:50,237+0530","service":"FyersAPIRequest"}
{"level":"DEBUG","location":"[get_call:158] fyersModel","message":{"Status Code":200,"API":"/quotes"},"timestamp":"2026-02-17 14:01:55,291+0530","service":"FyersAPIRequest"}
{"level":"DEBUG","location":"[get_call:158] fyersModel","message":{"Status Code":200,"API":"/holdings"},"timestamp":"2026-02-17 14:01:55,339+0530","service":"FyersAPIRequest"}
{"level":"DEBUG","location":"[get_call:158] fyersModel","message":{"Status Code":200,"API":"/quotes"},"timestamp":"2026-02-17 14:02:00,398+0530","service":"FyersAPIRequest"}
{"level":"DEBUG","location":"[get_call:158] fyersModel","message":{"Status Code":200,"API":"/holdings"},"timestamp":"2026-02-17 14:02:00,452+0530","service":"FyersAPIRequest"}
{"level":"DEBUG","location":"[get_call:158] fyersModel","message":{"Status Code":200,"API":"/quotes"},"timestamp":"2026-02-17 14:02:05,512+0530","service":"FyersAPIRequest"}
{"level":"DEBUG","location":"[get_call:158] fyersModel","message":{"Status Code":200,"API":"/holdings"},"timestamp":"2026-02-17 14:02:05,561+0530","service":"FyersAPIRequest"}
{"level":"DEBUG","location":"[get_call:158] fyersModel","message":{"Status Code":200,"API":"/quotes"},"timestamp":"2026-02-17 14:02:10,614+0530","service":"FyersAPIRequest"}
{"level":"DEBUG","location":"[get_call:158] fyersModel","message":{"Status Code":200,"API":"/holdings"},"timestamp":"2026-02-17 14:02:10,664+0530","service":"FyersAPIRequest"}
{"level":"DEBUG","location":"[get_call:158] fyersModel","message":{"Status Code":200,"API":"/quotes"},"timestamp":"2026-02-17 14:02:15,719+0530","service":"FyersAPIRequest"}
{"level":"DEBUG","location":"[get_call:158] fyersModel","message":{"Status Code":200,"API":"/holdings"},"timestamp":"2026-02-17 14:02:15,771+0530","service":"FyersAPIRequest"}
{"level":"DEBUG","location":"[get_call:158] fyersModel","message":{"Status Code":200,"API":"/quotes"},"timestamp":"2026-02-17 14:02:20,828+0530","service":"FyersAPIRequest"}
{"level":"DEBUG","location":"[get_call:158] fyersModel","message":{"Status Code":200,"API":"/holdings"},"timestamp":"2026-02-17 14:02:20,879+0530","service":"FyersAPIRequest"}
{"level":"DEBUG","location":"[get_call:158] fyersModel","message":{"Status Code":200,"API":"/quotes"},"timestamp":"2026-02-17 14:02:25,937+0530","service":"FyersAPIRequest"}
{"level":"DEBUG","location":"[get_call:158] fyersModel","message":{"Status Code":200,"API":"/holdings"},"timestamp":"2026-02-17 14:02:25,984+0530","service":"FyersAPIRequest"}
{"level":"DEBUG","location":"[get_call:158] fyersModel","message":{"Status Code":200,"API":"/quotes"},"timestamp":"2026-02-17 14:02:31,041+0530","service":"FyersAPIRequest"}
{"level":"DEBUG","location":"[get_call:158] fyersModel","message":{"Status Code":200,"API":"/holdings"},"timestamp":"2026-02-17 14:02:31,093+0530","service":"FyersAPIRequest"}
{"level":"DEBUG","location":"[get_call:158] fyersModel","message":{"Status Code":200,"API":"/quotes"},"timestamp":"2026-02-17 14:02:36,155+0530","service":"FyersAPIRequest"}
{"level":"DEBUG","location":"[get_call:158] fyersModel","message":{"Status Code":200,"API":"/holdings"},"timestamp":"2026-02-17 14:02:36,204+0530","service":"FyersAPIRequest"}
{"level":"DEBUG","location":"[get_call:158] fyersModel","message":{"Status Code":200,"API":"/quotes"},"timestamp":"2026-02-17 14:02:41,262+0530","service":"FyersAPIRequest"}
{"level":"DEBUG","location":"[get_call:158] fyersModel","message":{"Status Code":200,"API":"/holdings"},"timestamp":"2026-02-17 14:02:41,314+0530","service":"FyersAPIRequest"}
{"level":"DEBUG","location":"[get_call:158] fyersModel","message":{"Status Code":200,"API":"/quotes"},"timestamp":"2026-02-17 14:02:46,371+0530","service":"FyersAPIRequest"}
{"level":"DEBUG","location":"[get_call:158] fyersModel","message":{"Status Code":200,"API":"/holdings"},"timestamp":"2026-02-17 14:02:46,421+0530","service":"FyersAPIRequest"}
{"level":"DEBUG","location":"[get_call:158] fyersModel","message":{"Status Code":200,"API":"/quotes"},"timestamp":"2026-02-17 14:02:51,482+0530","service":"FyersAPIRequest"}
{"level":"DEBUG","location":"[get_call:158] fyersModel","message":{"Status Code":200,"API":"/holdings"},"timestamp":"2026-02-17 14:02:51,532+0530","service":"FyersAPIRequest"}
{"level":"DEBUG","location":"[get_call:158] fyersModel","message":{"Status Code":200,"API":"/quotes"},"timestamp":"2026-02-17 14:02:56,590+0530","service":"FyersAPIRequest"}
{"level":"DEBUG","location":"[get_call:158] fyersModel","message":{"Status Code":200,"API":"/holdings"},"timestamp":"2026-02-17 14:02:56,643+0530","service":"FyersAPIRequest"}
{"level":"DEBUG","location":"[get_call:158] fyersModel","message":{"Status Code":200,"API":"/quotes"},"timestamp":"2026-02-17 14:03:01,695+0530","service":"FyersAPIRequest"}
{"level":"DEBUG","location":"[get_call:158] fyersModel","message":{"Status Code":200,"API":"/holdings"},"timestamp":"2026-02-17 14:03:01,742+0530","service":"FyersAPIRequest"}
{"level":"DEBUG","location":"[get_call:158] fyersModel","message":{"Status Code":200,"API":"/quotes"},"timestamp":"2026-02-17 14:03:06,799+0530","service":"FyersAPIRequest"}
{"level":"DEBUG","location":"[get_call:158] fyersModel","message":{"Status Code":200,"API":"/holdings"},"timestamp":"2026-02-17 14:03:06,852+0530","service":"FyersAPIRequest"}
{"level":"DEBUG","location":"[get_call:158] fyersModel","message":{"Status Code":200,"API":"/quotes"},"timestamp":"2026-02-17 14:03:11,905+0530","service":"FyersAPIRequest"}
{"level":"DEBUG","location":"[get_call:158] fyersModel","message":{"Status Code":200,"API":"/holdings"},"timestamp":"2026-02-17 14:03:11,954+0530","service":"FyersAPIRequest"}
{"level":"DEBUG","location":"[get_call:158] fyersModel","message":{"Status Code":200,"API":"/quotes"},"timestamp":"2026-02-17 14:03:17,011+0530","service":"FyersAPIRequest"}
{"level":"DEBUG","location":"[get_call:158] fyersModel","message":{"Status Code":200,"API":"/holdings"},"timestamp":"2026-02-17 14:03:17,060+0530","service":"FyersAPIRequest"}
{"level":"DEBUG","location":"[get_call:158] fyersModel","message":{"Status Code":200,"API":"/quotes"},"timestamp":"2026-02-17 14:03:22,116+0530","service":"FyersAPIRequest"}
{"level":"DEBUG","location":"[get_call:158] fyersModel","message":{"Status Code":200,"API":"/holdings"},"timestamp":"2026-02-17 14:03:22,163+0530","service":"FyersAPIRequest"}
{"level":"DEBUG","location":"[get_call:158] fyersModel","message":{"Status Code":200,"API":"/quotes"},"timestamp":"2026-02-17 14:03:27,220+0530","service":"FyersAPIRequest"}
{"level":"DEBUG","location":"[get_call:158] fyersModel","message":{"Status Code":200,"API":"/holdings"},"timestamp":"2026-02-17 14:03:27,273+0530","service":"FyersAPIRequest"}
{"level":"DEBUG","location":"[get_call:158] fyersModel","message":{"Status Code":200,"API":"/quotes"},"timestamp":"2026-02-17 14:03:32,334+0530","service":"FyersAPIRequest"}
{"level":"DEBUG","location":"[get_call:158] fyersModel","message":{"Status Code":200,"API":"/holdings"},"timestamp":"2026-02-17 14:03:32,383+0530","service":"FyersAPIRequest"}
{"level":"DEBUG","location":"[get_call:158] fyersModel","message":{"Status Code":200,"API":"/quotes"},"timestamp":"2026-02-17 14:03:37,439+0530","service":"FyersAPIRequest"}
{"level":"DEBUG","location":"[get_call:158] fyersModel","message":{"Status Code":200,"API":"/holdings"},"timestamp":"2026-02-17 14:03:37,491+0530","service":"FyersAPIRequest"}
{"level":"DEBUG","location":"[get_call:158] fyersModel","message":{"Status Code":200,"API":"/quotes"},"timestamp":"2026-02-17 14:03:42,552+0530","service":"FyersAPIRequest"}
{"level":"DEBUG","location":"[get_call:158] fyersModel","message":{"Status Code":200,"API":"/holdings"},"timestamp":"2026-02-17 14:03:42,602+0530","service":"FyersAPIRequest"}
{"level":"DEBUG","location":"[get_call:158] fyersModel","message":{"Status Code":200,"API":"/quotes"},"timestamp":"2026-02-17 14:03:47,662+0530","service":"FyersAPIRequest"}
{"level":"DEBUG","location":"[get_call:158] fyersModel","message":{"Status Code":200,"API":"/holdings"},"timestamp":"2026-02-17 14:03:47,712+0530","service":"FyersAPIRequest"}
{"level":"DEBUG","location":"[get_call:158] fyersModel","message":{"Status Code":200,"API":"/quotes"},"timestamp":"2026-02-17 14:03:52,769+0530","service":"FyersAPIRequest"}
{"level":"DEBUG","location":"[get_call:158] fyersModel","message":{"Status Code":200,"API":"/holdings"},"timestamp":"2026-02-17 14:03:52,819+0530","service":"FyersAPIRequest"}
{"level":"DEBUG","location":"[get_call:158] fyersModel","message":{"Status Code":200,"API":"/quotes"},"timestamp":"2026-02-17 14:03:57,873+0530","service":"FyersAPIRequest"}
{"level":"DEBUG","location":"[get_call:158] fyersModel","message":{"Status Code":200,"API":"/holdings"},"timestamp":"2026-02-17 14:03:57,923+0530","service":"FyersAPIRequest"}
{"level":"DEBUG","location":"[get_call:158] fyersModel","message":{"Status Code":200,"API":"/quotes"},"timestamp":"2026-02-17 14:04:02,977+0530","service":"FyersAPIRequest"}
{"level":"DEBUG","location":"[get_call:158] fyersModel","message":{"Status Code":200,"API":"/holdings"},"timestamp":"2026-02-17 14:04:03,026+0530","service":"FyersAPIRequest"}
{"level":"DEBUG","location":"[get_call:158] fyersModel","message":{"Status Code":200,"API":"/quotes"},"timestamp":"2026-02-17 14:04:08,081+0530","service":"FyersAPIRequest"}
{"level":"DEBUG","location":"[get_call:158] fyersModel","message":{"Status Code":200,"API":"/holdings"},"timestamp":"2026-02-17 14:04:08,128+0530","service":"FyersAPIRequest"}
{"level":"DEBUG","location":"[get_call:158] fyersModel","message":{"Status Code":200,"API":"/quotes"},"timestamp":"2026-02-17 14:04:13,184+0530","service":"FyersAPIRequest"}
{"level":"DEBUG","location":"[get_call:158] fyersModel","message":{"Status Code":200,"API":"/holdings"},"timestamp":"2026-02-17 14:04:13,234+0530","service":"FyersAPIRequest"}
{"level":"DEBUG","location":"[get_call:158] fyersModel","message":{"Status Code":200,"API":"/quotes"},"timestamp":"2026-02-17 14:04:18,290+0530","service":"FyersAPIRequest"}
{"level":"DEBUG","location":"[get_call:158] fyersModel","message":{"Status Code":200,"API":"/holdings"},"timestamp":"2026-02-17 14:04:18,342+0530","service":"FyersAPIRequest"}
{"level":"DEBUG","location":"[get_call:158] fyersModel","message":{"Status Code":200,"API":"/quotes"},"timestamp":"2026-02-17 14:04:23,399+0530","service":"FyersAPIRequest"}
{"level":"DEBUG","location":"[get_call:158] fyersModel","message":{"Status Code":200,"API":"/holdings"},"timestamp":"2026-02-17 14:04:23,449+0530","service":"FyersAPIRequest"}
{"level":"DEBUG","location":"[get_call:158] fyersModel","message":{"Status Code":200,"API":"/quotes"},"timestamp":"2026-02-17 14:04:28,506+0530","service":"FyersAPIRequest"}
{"level":"DEBUG","location":"[get_call:158] fyersModel","message":{"Status Code":200,"API":"/holdings"},"timestamp":"2026-02-17 14:04:28,555+0530","service":"FyersAPIRequest"}
{"level":"DEBUG","location":"[get_call:158] fyersModel","message":{"Status Code":200,"API":"/quotes"},"timestamp":"2026-02-17 14:04:33,608+0530","service":"FyersAPIRequest"}
{"level":"DEBUG","location":"[get_call:158] fyersModel","message":{"Status Code":200,"API":"/holdings"},"timestamp":"2026-02-17 14:04:33,656+0530","service":"FyersAPIRequest"}
{"level":"DEBUG","location":"[get_call:158] fyersModel","message":{"Status Code":200,"API":"/quotes"},"timestamp":"2026-02-17 14:04:38,714+0530","service":"FyersAPIRequest"}
{"level":"DEBUG","location":"[get_call:158] fyersModel","message":{"Status Code":200,"API":"/holdings"},"timestamp":"2026-02-17 14:04:38,762+0530","service":"FyersAPIRequest"}
{"level":"DEBUG","location":"[get_call:158] fyersModel","message":{"Status Code":200,"API":"/quotes"},"timestamp":"2026-02-17 14:04:43,822+0530","service":"FyersAPIRequest"}
{"level":"DEBUG","location":"[get_call:158] fyersModel","message":{"Status Code":200,"API":"/holdings"},"timestamp":"2026-02-17 14:04:43,873+0530","service":"FyersAPIRequest"}
{"level":"DEBUG","location":"[get_call:158] fyersModel","message":{"Status Code":200,"API":"/quotes"},"timestamp":"2026-02-17 14:04:48,930+0530","service":"FyersAPIRequest"}
{"level":"DEBUG","location":"[get_call:158] fyersModel","message":{"Status Code":200,"API":"/holdings"},"timestamp":"2026-02-17 14:04:48,980+0530","service":"FyersAPIRequest"}
{"level":"DEBUG","location":"[get_call:158] fyersModel","message":{"Status Code":200,"API":"/quotes"},"timestamp":"2026-02-17 14:04:54,041+0530","service":"FyersAPIRequest"}
{"level":"DEBUG","location":"[get_call:158] fyersModel","message":{"Status Code":200,"API":"/holdings"},"timestamp":"2026-02-17 14:04:54,090+0530","service":"FyersAPIRequest"}
{"level":"DEBUG","location":"[get_call:158] fyersModel","message":{"Status Code":200,"API":"/quotes"},"timestamp":"2026-02-17 14:04:59,147+0530","service":"FyersAPIRequest"}
{"level":"DEBUG","location":"[get_call:158] fyersModel","message":{"Status Code":200,"API":"/holdings"},"timestamp":"2026-02-17 14:04:59,197+0530","service":"FyersAPIRequest"}
{"level":"DEBUG","location":"[get_call:158] fyersModel","message":{"Status Code":200,"API":"/quotes"},"timestamp":"2026-02-17 14:05:04,254+0530","service":"FyersAPIRequest"}
{"level":"DEBUG","location":"[get_call:158] fyersModel","message":{"Status Code":200,"API":"/holdings"},"timestamp":"2026-02-17 14:05:04,304+0530","service":"FyersAPIRequest"}
{"level":"DEBUG","location":"[get_call:158] fyersModel","message":{"Status Code":200,"API":"/quotes"},"timestamp":"2026-02-17 14:05:09,358+0530","service":"FyersAPIRequest"}
{"level":"DEBUG","location":"[get_call:158] fyersModel","message":{"Status Code":200,"API":"/holdings"},"timestamp":"2026-02-17 14:05:09,415+0530","service":"FyersAPIRequest"}
{"level":"DEBUG","location":"[get_call:158] fyersModel","message":{"Status Code":200,"API":"/quotes"},"timestamp":"2026-02-17 14:05:14,472+0530","service":"FyersAPIRequest"}
{"level":"DEBUG","location":"[get_call:158] fyersModel","message":{"Status Code":200,"API":"/holdings"},"timestamp":"2026-02-17 14:05:14,522+0530","service":"FyersAPIRequest"}
{"level":"DEBUG","location":"[get_call:158] fyersModel","message":{"Status Code":200,"API":"/quotes"},"timestamp":"2026-02-17 14:05:19,579+0530","service":"FyersAPIRequest"}
{"level":"DEBUG","location":"[get_call:158] fyersModel","message":{"Status Code":200,"API":"/holdings"},"timestamp":"2026-02-17 14:05:19,628+0530","service":"FyersAPIRequest"}
{"level":"DEBUG","location":"[get_call:158] fyersModel","message":{"Status Code":200,"API":"/quotes"},"timestamp":"2026-02-17 14:05:24,684+0530","service":"FyersAPIRequest"}
{"level":"DEBUG","location":"[get_call:158] fyersModel","message":{"Status Code":200,"API":"/holdings"},"timestamp":"2026-02-17 14:05:24,736+0530","service":"FyersAPIRequest"}
{"level":"DEBUG","location":"[get_call:158] fyersModel","message":{"Status Code":200,"API":"/quotes"},"timestamp":"2026-02-17 14:05:29,788+0530","service":"FyersAPIRequest"}
{"level":"DEBUG","location":"[get_call:158] fyersModel","message":{"Status Code":200,"API":"/holdings"},"timestamp":"2026-02-17 14:05:29,837+0530","service":"FyersAPIRequest"}
